c:\users\kstrb\source\repos\imagesplitter - コピー (2)\corner_maker\x64\release\corner_maker.pch
c:\users\kstrb\source\repos\imagesplitter - コピー (2)\corner_maker\x64\release\vc141.pdb
c:\users\kstrb\source\repos\imagesplitter - コピー (2)\corner_maker\x64\release\stdafx.obj
c:\users\kstrb\source\repos\imagesplitter - コピー (2)\corner_maker\x64\release\corner_maker.obj
c:\users\kstrb\source\repos\imagesplitter - コピー (2)\x64\release\corner_maker.ipdb
c:\users\kstrb\source\repos\imagesplitter - コピー (2)\x64\release\corner_maker.iobj
c:\users\kstrb\source\repos\imagesplitter - コピー (2)\x64\release\corner_maker.exe
c:\users\kstrb\source\repos\imagesplitter - コピー (2)\x64\release\corner_maker.pdb
c:\users\kstrb\source\repos\corner_maker\corner_maker\x64\release\corner_maker.obj
c:\users\kstrb\source\repos\corner_maker\corner_maker\x64\release\stdafx.obj
c:\users\kstrb\source\repos\corner_maker\corner_maker\x64\release\corner_maker.pch
c:\users\kstrb\source\repos\corner_maker\corner_maker\x64\release\vc141.pdb
c:\users\kstrb\source\repos\corner_maker\x64\release\corner_maker.pdb
c:\users\kstrb\source\repos\corner_maker\x64\release\corner_maker.exe
c:\users\kstrb\source\repos\corner_maker\corner_maker\x64\release\corner_maker.tlog\cl.command.1.tlog
c:\users\kstrb\source\repos\corner_maker\corner_maker\x64\release\corner_maker.tlog\cl.read.1.tlog
c:\users\kstrb\source\repos\corner_maker\corner_maker\x64\release\corner_maker.tlog\cl.write.1.tlog
c:\users\kstrb\source\repos\corner_maker\corner_maker\x64\release\corner_maker.tlog\corner_maker.write.1u.tlog
c:\users\kstrb\source\repos\corner_maker\corner_maker\x64\release\corner_maker.tlog\link.command.1.tlog
c:\users\kstrb\source\repos\corner_maker\corner_maker\x64\release\corner_maker.tlog\link.read.1.tlog
c:\users\kstrb\source\repos\corner_maker\corner_maker\x64\release\corner_maker.tlog\link.write.1.tlog
